<?xml version="1.0" encoding="UTF-8"?>
<!-- Generated by org.testng.reporters.JUnitXMLReporter -->
<testsuite hostname="Elhams-MacBook-Pro.local" ignored="0" name="Default test" tests="3" failures="0" timestamp="2023-02-17T21:55:00 CST" time="31.634" errors="0">
  <testcase name="userShouldBeAbleToAddUniqueCategoryName" time="15.135" classname="tests.AutomationProjectOfTestNGTest"/>
  <testcase name="userShouldBeUnableToAddDupicateCategoryName" time="8.607" classname="tests.AutomationProjectOfTestNGTest"/>
  <testcase name="validateMonthsDropDown" time="0.197" classname="tests.AutomationProjectOfTestNGTest"/>
</testsuite> <!-- Default test -->
