<?xml version="1.0" encoding="UTF-8"?>
<testng-results skipped="0" failed="0" ignored="0" total="3" passed="3">
  <reporter-output>
  </reporter-output>
  <suite name="Default suite" duration-ms="31634" started-at="2023-02-17T21:54:28 CST" finished-at="2023-02-17T21:55:00 CST">
    <groups>
    </groups>
    <test name="Default test" duration-ms="31634" started-at="2023-02-17T21:54:28 CST" finished-at="2023-02-17T21:55:00 CST">
      <class name="tests.AutomationProjectOfTestNGTest">
        <test-method status="PASS" signature="setUp()[pri:0, instance:tests.AutomationProjectOfTestNGTest@3712b94]" name="setUp" is-config="true" duration-ms="2908" started-at="2023-02-17T21:54:28 CST" finished-at="2023-02-17T21:54:31 CST">
          <reporter-output>
          </reporter-output>
        </test-method> <!-- setUp -->
        <test-method status="PASS" signature="userShouldBeAbleToAddUniqueCategoryName()[pri:1, instance:tests.AutomationProjectOfTestNGTest@3712b94]" name="userShouldBeAbleToAddUniqueCategoryName" duration-ms="15135" started-at="2023-02-17T21:54:31 CST" finished-at="2023-02-17T21:54:46 CST">
          <reporter-output>
          </reporter-output>
        </test-method> <!-- userShouldBeAbleToAddUniqueCategoryName -->
        <test-method status="PASS" signature="tearDown()[pri:0, instance:tests.AutomationProjectOfTestNGTest@3712b94]" name="tearDown" is-config="true" duration-ms="128" started-at="2023-02-17T21:54:46 CST" finished-at="2023-02-17T21:54:46 CST">
          <reporter-output>
          </reporter-output>
        </test-method> <!-- tearDown -->
        <test-method status="PASS" signature="setUp()[pri:0, instance:tests.AutomationProjectOfTestNGTest@3712b94]" name="setUp" is-config="true" duration-ms="2238" started-at="2023-02-17T21:54:46 CST" finished-at="2023-02-17T21:54:49 CST">
          <reporter-output>
          </reporter-output>
        </test-method> <!-- setUp -->
        <test-method status="PASS" signature="userShouldBeUnableToAddDupicateCategoryName()[pri:2, instance:tests.AutomationProjectOfTestNGTest@3712b94]" name="userShouldBeUnableToAddDupicateCategoryName" duration-ms="8607" started-at="2023-02-17T21:54:49 CST" finished-at="2023-02-17T21:54:57 CST">
          <reporter-output>
          </reporter-output>
        </test-method> <!-- userShouldBeUnableToAddDupicateCategoryName -->
        <test-method status="PASS" signature="tearDown()[pri:0, instance:tests.AutomationProjectOfTestNGTest@3712b94]" name="tearDown" is-config="true" duration-ms="115" started-at="2023-02-17T21:54:57 CST" finished-at="2023-02-17T21:54:57 CST">
          <reporter-output>
          </reporter-output>
        </test-method> <!-- tearDown -->
        <test-method status="PASS" signature="setUp()[pri:0, instance:tests.AutomationProjectOfTestNGTest@3712b94]" name="setUp" is-config="true" duration-ms="2079" started-at="2023-02-17T21:54:57 CST" finished-at="2023-02-17T21:54:59 CST">
          <reporter-output>
          </reporter-output>
        </test-method> <!-- setUp -->
        <test-method status="PASS" signature="validateMonthsDropDown()[pri:3, instance:tests.AutomationProjectOfTestNGTest@3712b94]" name="validateMonthsDropDown" duration-ms="197" started-at="2023-02-17T21:54:59 CST" finished-at="2023-02-17T21:55:00 CST">
          <reporter-output>
          </reporter-output>
        </test-method> <!-- validateMonthsDropDown -->
        <test-method status="PASS" signature="tearDown()[pri:0, instance:tests.AutomationProjectOfTestNGTest@3712b94]" name="tearDown" is-config="true" duration-ms="181" started-at="2023-02-17T21:55:00 CST" finished-at="2023-02-17T21:55:00 CST">
          <reporter-output>
          </reporter-output>
        </test-method> <!-- tearDown -->
      </class> <!-- tests.AutomationProjectOfTestNGTest -->
    </test> <!-- Default test -->
  </suite> <!-- Default suite -->
</testng-results>
